
alter system kill session '123,8' IMMEDIATE;
exec DBMS_LOCK.SLEEP(5);

alter system kill session '126,37' IMMEDIATE;
exec DBMS_LOCK.SLEEP(5);

alter system kill session '127,9' IMMEDIATE;
exec DBMS_LOCK.SLEEP(5);

alter system kill session '128,26' IMMEDIATE;
exec DBMS_LOCK.SLEEP(5);

alter system kill session '129,19' IMMEDIATE;
exec DBMS_LOCK.SLEEP(5);

alter system kill session '130,28' IMMEDIATE;
exec DBMS_LOCK.SLEEP(5);

alter system kill session '131,12' IMMEDIATE;
exec DBMS_LOCK.SLEEP(5);

alter system kill session '132,684' IMMEDIATE;
exec DBMS_LOCK.SLEEP(5);

alter system kill session '133,18' IMMEDIATE;
exec DBMS_LOCK.SLEEP(5);

alter system kill session '135,3405' IMMEDIATE;
exec DBMS_LOCK.SLEEP(5);

alter system kill session '137,305' IMMEDIATE;
exec DBMS_LOCK.SLEEP(5);

alter system kill session '138,89' IMMEDIATE;
exec DBMS_LOCK.SLEEP(5);

alter system kill session '140,58' IMMEDIATE;
exec DBMS_LOCK.SLEEP(5);

alter system kill session '141,292' IMMEDIATE;
exec DBMS_LOCK.SLEEP(5);

alter system kill session '145,892' IMMEDIATE;
exec DBMS_LOCK.SLEEP(5);

alter system kill session '146,56' IMMEDIATE;
exec DBMS_LOCK.SLEEP(5);

alter system kill session '123,8' IMMEDIATE
*
ERROR at line 1:
ORA-00031: session marked for kill


alter system kill session '126,37' IMMEDIATE
*
ERROR at line 1:
ORA-00031: session marked for kill


alter system kill session '127,9' IMMEDIATE
*
ERROR at line 1:
ORA-00031: session marked for kill


alter system kill session '128,26' IMMEDIATE
*
ERROR at line 1:
ORA-00031: session marked for kill


alter system kill session '129,19' IMMEDIATE
*
ERROR at line 1:
ORA-00031: session marked for kill


alter system kill session '130,28' IMMEDIATE
*
ERROR at line 1:
ORA-00031: session marked for kill


alter system kill session '131,12' IMMEDIATE
*
ERROR at line 1:
ORA-00031: session marked for kill


alter system kill session '132,684' IMMEDIATE
*
ERROR at line 1:
ORA-00031: session marked for kill


alter system kill session '133,18' IMMEDIATE
*
ERROR at line 1:
ORA-00031: session marked for kill


alter system kill session '135,3405' IMMEDIATE
*
ERROR at line 1:
ORA-00031: session marked for kill


alter system kill session '137,305' IMMEDIATE
*
ERROR at line 1:
ORA-00031: session marked for kill


alter system kill session '138,89' IMMEDIATE
*
ERROR at line 1:
ORA-00031: session marked for kill


alter system kill session '140,58' IMMEDIATE
*
ERROR at line 1:
ORA-00031: session marked for kill


alter system kill session '141,292' IMMEDIATE
*
ERROR at line 1:
ORA-00031: session marked for kill


alter system kill session '145,892' IMMEDIATE
*
ERROR at line 1:
ORA-00031: session marked for kill


alter system kill session '146,56' IMMEDIATE
*
ERROR at line 1:
ORA-00031: session marked for kill


